*** Starting uWSGI 2.0.11.2 (64bit) on [Tue Nov 17 10:43:45 2015] ***
compiled with version: 4.8.4 on 08 November 2015 05:04:09
os: Linux-3.13.0-57-generic #95-Ubuntu SMP Fri Jun 19 09:28:15 UTC 2015
nodename: keleger
machine: x86_64
clock source: unix
detected number of CPU cores: 1
current working directory: /root/workspace/appleQuote
detected binary path: /usr/local/bin/uwsgi
!!! no internal routing support, rebuild with pcre support !!!
uWSGI running as root, you can use --uid/--gid/--chroot options
*** WARNING: you are running uWSGI as root !!! (use the --uid flag) *** 
chdir() to /root/workspace/appleQuote/website
*** WARNING: you are running uWSGI without its master process manager ***
your processes number limit is 3750
your memory page size is 4096 bytes
detected max file descriptor number: 1024
lock engine: pthread robust mutexes
thunder lock: disabled (you can enable it with --thunder-lock)
uwsgi socket 0 bound to UNIX address /tmp/website.sock fd 3
Python version: 2.7.6 (default, Jun 22 2015, 18:01:27)  [GCC 4.8.2]
*** Python threads support is disabled. You can enable it with --enable-threads ***
Python main interpreter initialized at 0x1e24a70
your server socket listen backlog is limited to 100 connections
your mercy for graceful operations on workers is 60 seconds
mapped 72760 bytes (71 KB) for 1 cores
*** Operational MODE: single process ***
WSGI app 0 (mountpoint='') ready in 0 seconds on interpreter 0x1e24a70 pid: 1964 (default app)
*** uWSGI is running in multiple interpreter mode ***
spawned uWSGI worker 1 (and the only) (pid: 1964, cores: 1)
[pid: 1964|app: 0|req: 1/1] 119.39.248.60 () {42 vars in 740 bytes} [Tue Nov 17 23:43:55 2015] GET /quote/ => generated 4118 bytes in 220 msecs (HTTP/1.1 200) 2 headers in 88 bytes (1 switches on core 0)
[pid: 1964|app: 0|req: 2/2] 119.39.248.60 () {42 vars in 720 bytes} [Tue Nov 17 23:43:57 2015] GET /dist/js/bootstrap.min.js => generated 3386 bytes in 13 msecs (HTTP/1.1 404) 2 headers in 80 bytes (1 switches on core 0)
Gracefully killing worker 1 (pid: 1964)...
